<?xml version="1.0" encoding="UTF-8"?>
<coverage generated="1765733616096" clover="3.2.0">
  <project timestamp="1765733616096" name="All files">
    <metrics statements="254" coveredstatements="240" conditionals="117" coveredconditionals="105" methods="31" coveredmethods="31" elements="402" coveredelements="376" complexity="0" loc="254" ncloc="254" packages="4" files="10" classes="10"/>
    <package name="constants">
      <metrics statements="14" coveredstatements="14" conditionals="0" coveredconditionals="0" methods="0" coveredmethods="0"/>
      <file name="author.constants.ts" path="/Users/do.caruso/Projects/my-many-books/libs/shared-validation/src/constants/author.constants.ts">
        <metrics statements="3" coveredstatements="3" conditionals="0" coveredconditionals="0" methods="0" coveredmethods="0"/>
        <line num="11" count="1" type="stmt"/>
        <line num="29" count="1" type="stmt"/>
        <line num="36" count="1" type="stmt"/>
      </file>
      <file name="book.constants.ts" path="/Users/do.caruso/Projects/my-many-books/libs/shared-validation/src/constants/book.constants.ts">
        <metrics statements="4" coveredstatements="4" conditionals="0" coveredconditionals="0" methods="0" coveredmethods="0"/>
        <line num="11" count="1" type="stmt"/>
        <line num="27" count="1" type="stmt"/>
        <line num="37" count="1" type="stmt"/>
        <line num="47" count="1" type="stmt"/>
      </file>
      <file name="category.constants.ts" path="/Users/do.caruso/Projects/my-many-books/libs/shared-validation/src/constants/category.constants.ts">
        <metrics statements="2" coveredstatements="2" conditionals="0" coveredconditionals="0" methods="0" coveredmethods="0"/>
        <line num="11" count="1" type="stmt"/>
        <line num="21" count="1" type="stmt"/>
      </file>
      <file name="isbn.constants.ts" path="/Users/do.caruso/Projects/my-many-books/libs/shared-validation/src/constants/isbn.constants.ts">
        <metrics statements="5" coveredstatements="5" conditionals="0" coveredconditionals="0" methods="0" coveredmethods="0"/>
        <line num="11" count="5" type="stmt"/>
        <line num="34" count="5" type="stmt"/>
        <line num="66" count="5" type="stmt"/>
        <line num="85" count="5" type="stmt"/>
        <line num="104" count="5" type="stmt"/>
      </file>
    </package>
    <package name="errors">
      <metrics statements="5" coveredstatements="4" conditionals="3" coveredconditionals="1" methods="1" coveredmethods="1"/>
      <file name="i18n-keys.ts" path="/Users/do.caruso/Projects/my-many-books/libs/shared-validation/src/errors/i18n-keys.ts">
        <metrics statements="5" coveredstatements="4" conditionals="3" coveredconditionals="1" methods="1" coveredmethods="1"/>
        <line num="12" count="3" type="stmt"/>
        <line num="54" count="3" type="stmt"/>
        <line num="55" count="18" type="cond" truecount="0" falsecount="1"/>
        <line num="56" count="0" type="stmt"/>
        <line num="59" count="18" type="cond" truecount="1" falsecount="1"/>
      </file>
    </package>
    <package name="utils">
      <metrics statements="31" coveredstatements="31" conditionals="24" coveredconditionals="24" methods="8" coveredmethods="8"/>
      <file name="string.utils.ts" path="/Users/do.caruso/Projects/my-many-books/libs/shared-validation/src/utils/string.utils.ts">
        <metrics statements="31" coveredstatements="31" conditionals="24" coveredconditionals="24" methods="8" coveredmethods="8"/>
        <line num="8" count="5" type="stmt"/>
        <line num="21" count="5" type="stmt"/>
        <line num="22" count="34" type="cond" truecount="3" falsecount="0"/>
        <line num="23" count="3" type="stmt"/>
        <line num="26" count="31" type="stmt"/>
        <line num="35" count="5" type="stmt"/>
        <line num="36" count="8" type="cond" truecount="3" falsecount="0"/>
        <line num="37" count="4" type="stmt"/>
        <line num="40" count="4" type="stmt"/>
        <line num="49" count="5" type="stmt"/>
        <line num="50" count="7" type="cond" truecount="3" falsecount="0"/>
        <line num="51" count="4" type="stmt"/>
        <line num="54" count="3" type="stmt"/>
        <line num="63" count="5" type="stmt"/>
        <line num="64" count="56" type="cond" truecount="3" falsecount="0"/>
        <line num="65" count="4" type="stmt"/>
        <line num="68" count="52" type="stmt"/>
        <line num="77" count="5" type="stmt"/>
        <line num="78" count="92" type="cond" truecount="2" falsecount="0"/>
        <line num="87" count="5" type="stmt"/>
        <line num="88" count="11" type="cond" truecount="3" falsecount="0"/>
        <line num="89" count="4" type="stmt"/>
        <line num="92" count="7" type="stmt"/>
        <line num="101" count="5" type="stmt"/>
        <line num="102" count="8" type="cond" truecount="3" falsecount="0"/>
        <line num="103" count="2" type="stmt"/>
        <line num="106" count="6" type="stmt"/>
        <line num="117" count="5" type="cond" truecount="1" falsecount="0"/>
        <line num="118" count="11" type="cond" truecount="3" falsecount="0"/>
        <line num="119" count="7" type="stmt"/>
        <line num="122" count="4" type="stmt"/>
      </file>
    </package>
    <package name="validators">
      <metrics statements="204" coveredstatements="191" conditionals="90" coveredconditionals="80" methods="22" coveredmethods="22"/>
      <file name="author.validator.ts" path="/Users/do.caruso/Projects/my-many-books/libs/shared-validation/src/validators/author.validator.ts">
        <metrics statements="37" coveredstatements="35" conditionals="17" coveredconditionals="15" methods="4" coveredmethods="4"/>
        <line num="8" count="1" type="stmt"/>
        <line num="14" count="1" type="stmt"/>
        <line num="15" count="1" type="stmt"/>
        <line num="20" count="1" type="stmt"/>
        <line num="21" count="10" type="cond" truecount="1" falsecount="0"/>
        <line num="22" count="1" type="stmt"/>
        <line num="30" count="9" type="stmt"/>
        <line num="32" count="9" type="cond" truecount="0" falsecount="1"/>
        <line num="33" count="0" type="stmt"/>
        <line num="41" count="9" type="cond" truecount="1" falsecount="0"/>
        <line num="42" count="1" type="stmt"/>
        <line num="50" count="8" type="cond" truecount="1" falsecount="0"/>
        <line num="51" count="2" type="stmt"/>
        <line num="59" count="6" type="stmt"/>
        <line num="65" count="1" type="stmt"/>
        <line num="66" count="8" type="cond" truecount="1" falsecount="0"/>
        <line num="67" count="1" type="stmt"/>
        <line num="75" count="7" type="stmt"/>
        <line num="77" count="7" type="cond" truecount="0" falsecount="1"/>
        <line num="78" count="0" type="stmt"/>
        <line num="86" count="7" type="cond" truecount="1" falsecount="0"/>
        <line num="87" count="1" type="stmt"/>
        <line num="95" count="6" type="cond" truecount="1" falsecount="0"/>
        <line num="96" count="1" type="stmt"/>
        <line num="104" count="5" type="stmt"/>
        <line num="110" count="1" type="stmt"/>
        <line num="111" count="7" type="cond" truecount="4" falsecount="0"/>
        <line num="112" count="3" type="stmt"/>
        <line num="115" count="4" type="stmt"/>
        <line num="117" count="4" type="cond" truecount="1" falsecount="0"/>
        <line num="118" count="1" type="stmt"/>
        <line num="126" count="3" type="stmt"/>
        <line num="132" count="1" type="stmt"/>
        <line num="133" count="8" type="cond" truecount="1" falsecount="0"/>
        <line num="134" count="1" type="stmt"/>
        <line num="137" count="7" type="stmt"/>
        <line num="139" count="7" type="stmt"/>
      </file>
      <file name="book.validator.ts" path="/Users/do.caruso/Projects/my-many-books/libs/shared-validation/src/validators/book.validator.ts">
        <metrics statements="44" coveredstatements="42" conditionals="22" coveredconditionals="21" methods="6" coveredmethods="6"/>
        <line num="8" count="1" type="stmt"/>
        <line num="16" count="1" type="stmt"/>
        <line num="17" count="1" type="stmt"/>
        <line num="22" count="1" type="stmt"/>
        <line num="23" count="6" type="cond" truecount="1" falsecount="0"/>
        <line num="24" count="1" type="stmt"/>
        <line num="25" count="1" type="stmt"/>
        <line num="33" count="5" type="stmt"/>
        <line num="35" count="5" type="cond" truecount="0" falsecount="1"/>
        <line num="36" count="0" type="stmt"/>
        <line num="37" count="0" type="stmt"/>
        <line num="45" count="5" type="cond" truecount="1" falsecount="0"/>
        <line num="46" count="1" type="stmt"/>
        <line num="47" count="1" type="stmt"/>
        <line num="55" count="4" type="stmt"/>
        <line num="61" count="1" type="stmt"/>
        <line num="62" count="6" type="cond" truecount="4" falsecount="0"/>
        <line num="63" count="3" type="stmt"/>
        <line num="66" count="3" type="cond" truecount="1" falsecount="0"/>
        <line num="67" count="1" type="stmt"/>
        <line num="68" count="1" type="stmt"/>
        <line num="76" count="2" type="stmt"/>
        <line num="82" count="1" type="stmt"/>
        <line num="83" count="5" type="cond" truecount="1" falsecount="0"/>
        <line num="84" count="1" type="stmt"/>
        <line num="85" count="1" type="stmt"/>
        <line num="93" count="4" type="stmt"/>
        <line num="99" count="1" type="stmt"/>
        <line num="100" count="8" type="cond" truecount="3" falsecount="0"/>
        <line num="101" count="2" type="stmt"/>
        <line num="104" count="6" type="cond" truecount="3" falsecount="0"/>
        <line num="105" count="3" type="stmt"/>
        <line num="106" count="3" type="stmt"/>
        <line num="114" count="3" type="stmt"/>
        <line num="120" count="1" type="stmt"/>
        <line num="121" count="7" type="cond" truecount="4" falsecount="0"/>
        <line num="122" count="3" type="stmt"/>
        <line num="126" count="4" type="cond" truecount="2" falsecount="0"/>
        <line num="128" count="4" type="cond" truecount="1" falsecount="0"/>
        <line num="129" count="1" type="stmt"/>
        <line num="130" count="1" type="stmt"/>
        <line num="138" count="3" type="stmt"/>
        <line num="144" count="1" type="stmt"/>
        <line num="145" count="7" type="stmt"/>
      </file>
      <file name="category.validator.ts" path="/Users/do.caruso/Projects/my-many-books/libs/shared-validation/src/validators/category.validator.ts">
        <metrics statements="17" coveredstatements="16" conditionals="6" coveredconditionals="5" methods="2" coveredmethods="2"/>
        <line num="8" count="1" type="stmt"/>
        <line num="13" count="1" type="stmt"/>
        <line num="14" count="1" type="stmt"/>
        <line num="19" count="1" type="stmt"/>
        <line num="20" count="11" type="cond" truecount="1" falsecount="0"/>
        <line num="21" count="1" type="stmt"/>
        <line num="29" count="10" type="stmt"/>
        <line num="31" count="10" type="cond" truecount="0" falsecount="1"/>
        <line num="32" count="0" type="stmt"/>
        <line num="40" count="10" type="cond" truecount="1" falsecount="0"/>
        <line num="41" count="1" type="stmt"/>
        <line num="49" count="9" type="stmt"/>
        <line num="55" count="1" type="stmt"/>
        <line num="56" count="6" type="cond" truecount="1" falsecount="0"/>
        <line num="57" count="1" type="stmt"/>
        <line num="60" count="5" type="stmt"/>
        <line num="62" count="5" type="stmt"/>
      </file>
      <file name="isbn.validator.ts" path="/Users/do.caruso/Projects/my-many-books/libs/shared-validation/src/validators/isbn.validator.ts">
        <metrics statements="106" coveredstatements="98" conditionals="45" coveredconditionals="39" methods="10" coveredmethods="10"/>
        <line num="8" count="1" type="stmt"/>
        <line num="15" count="1" type="stmt"/>
        <line num="33" count="1" type="stmt"/>
        <line num="34" count="22" type="cond" truecount="1" falsecount="0"/>
        <line num="35" count="2" type="stmt"/>
        <line num="42" count="20" type="stmt"/>
        <line num="44" count="20" type="cond" truecount="1" falsecount="0"/>
        <line num="45" count="2" type="stmt"/>
        <line num="53" count="18" type="cond" truecount="1" falsecount="0"/>
        <line num="54" count="7" type="stmt"/>
        <line num="55" count="7" type="cond" truecount="3" falsecount="0"/>
        <line num="57" count="5" type="stmt"/>
        <line num="58" count="5" type="stmt"/>
        <line num="64" count="2" type="stmt"/>
        <line num="67" count="11" type="cond" truecount="1" falsecount="0"/>
        <line num="68" count="10" type="stmt"/>
        <line num="71" count="1" type="stmt"/>
        <line num="84" count="1" type="stmt"/>
        <line num="85" count="7" type="cond" truecount="0" falsecount="1"/>
        <line num="86" count="0" type="stmt"/>
        <line num="94" count="7" type="stmt"/>
        <line num="95" count="7" type="cond" truecount="1" falsecount="0"/>
        <line num="96" count="1" type="stmt"/>
        <line num="104" count="6" type="stmt"/>
        <line num="105" count="6" type="cond" truecount="0" falsecount="1"/>
        <line num="106" count="0" type="stmt"/>
        <line num="114" count="6" type="cond" truecount="1" falsecount="0"/>
        <line num="115" count="1" type="stmt"/>
        <line num="122" count="5" type="stmt"/>
        <line num="135" count="1" type="stmt"/>
        <line num="136" count="10" type="cond" truecount="0" falsecount="1"/>
        <line num="137" count="0" type="stmt"/>
        <line num="145" count="10" type="cond" truecount="0" falsecount="1"/>
        <line num="146" count="0" type="stmt"/>
        <line num="154" count="10" type="stmt"/>
        <line num="155" count="10" type="cond" truecount="1" falsecount="0"/>
        <line num="156" count="1" type="stmt"/>
        <line num="164" count="9" type="cond" truecount="1" falsecount="0"/>
        <line num="165" count="1" type="stmt"/>
        <line num="172" count="8" type="stmt"/>
        <line num="185" count="1" type="stmt"/>
        <line num="186" count="10" type="cond" truecount="1" falsecount="0"/>
        <line num="187" count="1" type="stmt"/>
        <line num="190" count="9" type="stmt"/>
        <line num="191" count="9" type="stmt"/>
        <line num="192" count="81" type="stmt"/>
        <line num="195" count="9" type="stmt"/>
        <line num="196" count="9" type="cond" truecount="2" falsecount="0"/>
        <line num="197" count="9" type="stmt"/>
        <line num="199" count="9" type="stmt"/>
        <line num="208" count="1" type="stmt"/>
        <line num="209" count="12" type="cond" truecount="1" falsecount="0"/>
        <line num="210" count="1" type="stmt"/>
        <line num="213" count="11" type="stmt"/>
        <line num="214" count="11" type="stmt"/>
        <line num="215" count="132" type="stmt"/>
        <line num="217" count="132" type="cond" truecount="2" falsecount="0"/>
        <line num="220" count="132" type="stmt"/>
        <line num="223" count="11" type="stmt"/>
        <line num="224" count="11" type="stmt"/>
        <line num="226" count="11" type="stmt"/>
        <line num="239" count="1" type="stmt"/>
        <line num="240" count="8" type="cond" truecount="1" falsecount="0"/>
        <line num="241" count="1" type="stmt"/>
        <line num="245" count="7" type="stmt"/>
        <line num="248" count="7" type="stmt"/>
        <line num="249" count="7" type="stmt"/>
        <line num="250" count="84" type="stmt"/>
        <line num="252" count="84" type="cond" truecount="2" falsecount="0"/>
        <line num="255" count="84" type="stmt"/>
        <line num="258" count="7" type="stmt"/>
        <line num="259" count="7" type="stmt"/>
        <line num="272" count="1" type="stmt"/>
        <line num="273" count="2" type="stmt"/>
        <line num="274" count="2" type="cond" truecount="3" falsecount="0"/>
        <line num="275" count="1" type="stmt"/>
        <line num="278" count="1" type="stmt"/>
        <line num="280" count="1" type="cond" truecount="1" falsecount="0"/>
        <line num="282" count="1" type="stmt"/>
        <line num="285" count="0" type="cond" truecount="0" falsecount="1"/>
        <line num="287" count="0" type="stmt"/>
        <line num="290" count="0" type="stmt"/>
        <line num="299" count="1" type="stmt"/>
        <line num="300" count="4" type="cond" truecount="1" falsecount="0"/>
        <line num="301" count="1" type="stmt"/>
        <line num="304" count="3" type="stmt"/>
        <line num="305" count="3" type="cond" truecount="2" falsecount="0"/>
        <line num="318" count="1" type="stmt"/>
        <line num="319" count="4" type="cond" truecount="1" falsecount="0"/>
        <line num="320" count="1" type="stmt"/>
        <line num="324" count="3" type="stmt"/>
        <line num="325" count="3" type="cond" truecount="1" falsecount="0"/>
        <line num="326" count="1" type="stmt"/>
        <line num="327" count="1" type="cond" truecount="3" falsecount="0"/>
        <line num="328" count="1" type="stmt"/>
        <line num="333" count="2" type="stmt"/>
        <line num="334" count="2" type="cond" truecount="1" falsecount="0"/>
        <line num="335" count="1" type="stmt"/>
        <line num="336" count="1" type="cond" truecount="3" falsecount="0"/>
        <line num="337" count="1" type="stmt"/>
        <line num="341" count="1" type="stmt"/>
        <line num="350" count="1" type="stmt"/>
        <line num="351" count="5" type="cond" truecount="0" falsecount="1"/>
        <line num="352" count="0" type="stmt"/>
        <line num="355" count="5" type="stmt"/>
        <line num="356" count="5" type="cond" truecount="3" falsecount="0"/>
      </file>
    </package>
  </project>
</coverage>
