{"/Users/do.caruso/Projects/my-many-books/libs/shared-validation/src/constants/author.constants.ts": {"path":"/Users/do.caruso/Projects/my-many-books/libs/shared-validation/src/constants/author.constants.ts","statementMap":{"0":{"start":{"line":11,"column":13},"end":{"line":23,"column":12}},"1":{"start":{"line":29,"column":13},"end":{"line":31,"column":12}},"2":{"start":{"line":36,"column":13},"end":{"line":46,"column":12}}},"fnMap":{},"branchMap":{},"s":{"0":1,"1":1,"2":1},"f":{},"b":{}}
,"/Users/do.caruso/Projects/my-many-books/libs/shared-validation/src/constants/book.constants.ts": {"path":"/Users/do.caruso/Projects/my-many-books/libs/shared-validation/src/constants/book.constants.ts","statementMap":{"0":{"start":{"line":11,"column":13},"end":{"line":22,"column":12}},"1":{"start":{"line":27,"column":13},"end":{"line":32,"column":12}},"2":{"start":{"line":37,"column":13},"end":{"line":42,"column":12}},"3":{"start":{"line":47,"column":13},"end":{"line":55,"column":12}}},"fnMap":{},"branchMap":{},"s":{"0":1,"1":1,"2":1,"3":1},"f":{},"b":{}}
,"/Users/do.caruso/Projects/my-many-books/libs/shared-validation/src/constants/category.constants.ts": {"path":"/Users/do.caruso/Projects/my-many-books/libs/shared-validation/src/constants/category.constants.ts","statementMap":{"0":{"start":{"line":11,"column":13},"end":{"line":16,"column":12}},"1":{"start":{"line":21,"column":13},"end":{"line":25,"column":12}}},"fnMap":{},"branchMap":{},"s":{"0":1,"1":1},"f":{},"b":{}}
,"/Users/do.caruso/Projects/my-many-books/libs/shared-validation/src/constants/isbn.constants.ts": {"path":"/Users/do.caruso/Projects/my-many-books/libs/shared-validation/src/constants/isbn.constants.ts","statementMap":{"0":{"start":{"line":11,"column":13},"end":{"line":29,"column":12}},"1":{"start":{"line":34,"column":13},"end":{"line":61,"column":12}},"2":{"start":{"line":66,"column":13},"end":{"line":80,"column":12}},"3":{"start":{"line":85,"column":13},"end":{"line":99,"column":12}},"4":{"start":{"line":104,"column":13},"end":{"line":119,"column":12}}},"fnMap":{},"branchMap":{},"s":{"0":5,"1":5,"2":5,"3":5,"4":5},"f":{},"b":{}}
,"/Users/do.caruso/Projects/my-many-books/libs/shared-validation/src/errors/i18n-keys.ts": {"path":"/Users/do.caruso/Projects/my-many-books/libs/shared-validation/src/errors/i18n-keys.ts","statementMap":{"0":{"start":{"line":54,"column":0},"end":{"line":54,"column":16}},"1":{"start":{"line":12,"column":13},"end":{"line":47,"column":12}},"2":{"start":{"line":55,"column":2},"end":{"line":57,"column":3}},"3":{"start":{"line":56,"column":4},"end":{"line":56,"column":33}},"4":{"start":{"line":59,"column":2},"end":{"line":59,"column":68}}},"fnMap":{"0":{"name":"getI18nKey","decl":{"start":{"line":54,"column":16},"end":{"line":54,"column":26}},"loc":{"start":{"line":54,"column":56},"end":{"line":60,"column":1}}}},"branchMap":{"0":{"loc":{"start":{"line":55,"column":2},"end":{"line":57,"column":3}},"type":"if","locations":[{"start":{"line":55,"column":2},"end":{"line":57,"column":3}}]},"1":{"loc":{"start":{"line":59,"column":9},"end":{"line":59,"column":67}},"type":"binary-expr","locations":[{"start":{"line":59,"column":9},"end":{"line":59,"column":42}},{"start":{"line":59,"column":46},"end":{"line":59,"column":67}}]}},"s":{"0":3,"1":3,"2":18,"3":0,"4":18},"f":{"0":18},"b":{"0":[0],"1":[18,0]}}
,"/Users/do.caruso/Projects/my-many-books/libs/shared-validation/src/utils/string.utils.ts": {"path":"/Users/do.caruso/Projects/my-many-books/libs/shared-validation/src/utils/string.utils.ts","statementMap":{"0":{"start":{"line":21,"column":0},"end":{"line":21,"column":16}},"1":{"start":{"line":35,"column":0},"end":{"line":35,"column":16}},"2":{"start":{"line":49,"column":0},"end":{"line":49,"column":16}},"3":{"start":{"line":63,"column":0},"end":{"line":63,"column":16}},"4":{"start":{"line":77,"column":0},"end":{"line":77,"column":16}},"5":{"start":{"line":87,"column":0},"end":{"line":87,"column":16}},"6":{"start":{"line":101,"column":0},"end":{"line":101,"column":16}},"7":{"start":{"line":117,"column":0},"end":{"line":117,"column":16}},"8":{"start":{"line":8,"column":0},"end":{"line":8,"column":60}},"9":{"start":{"line":22,"column":2},"end":{"line":24,"column":3}},"10":{"start":{"line":23,"column":4},"end":{"line":23,"column":14}},"11":{"start":{"line":26,"column":2},"end":{"line":26,"column":70}},"12":{"start":{"line":36,"column":2},"end":{"line":38,"column":3}},"13":{"start":{"line":37,"column":4},"end":{"line":37,"column":14}},"14":{"start":{"line":40,"column":2},"end":{"line":40,"column":35}},"15":{"start":{"line":50,"column":2},"end":{"line":52,"column":3}},"16":{"start":{"line":51,"column":4},"end":{"line":51,"column":14}},"17":{"start":{"line":54,"column":2},"end":{"line":54,"column":36}},"18":{"start":{"line":64,"column":2},"end":{"line":66,"column":3}},"19":{"start":{"line":65,"column":4},"end":{"line":65,"column":14}},"20":{"start":{"line":68,"column":2},"end":{"line":68,"column":22}},"21":{"start":{"line":78,"column":2},"end":{"line":78,"column":45}},"22":{"start":{"line":88,"column":2},"end":{"line":90,"column":3}},"23":{"start":{"line":89,"column":4},"end":{"line":89,"column":17}},"24":{"start":{"line":92,"column":2},"end":{"line":92,"column":46}},"25":{"start":{"line":102,"column":2},"end":{"line":104,"column":3}},"26":{"start":{"line":103,"column":4},"end":{"line":103,"column":14}},"27":{"start":{"line":106,"column":2},"end":{"line":106,"column":23}},"28":{"start":{"line":118,"column":2},"end":{"line":120,"column":3}},"29":{"start":{"line":119,"column":4},"end":{"line":119,"column":17}},"30":{"start":{"line":122,"column":2},"end":{"line":122,"column":64}}},"fnMap":{"0":{"name":"normalizeIsbn","decl":{"start":{"line":21,"column":16},"end":{"line":21,"column":29}},"loc":{"start":{"line":21,"column":42},"end":{"line":27,"column":1}}},"1":{"name":"removeWhitespace","decl":{"start":{"line":35,"column":16},"end":{"line":35,"column":32}},"loc":{"start":{"line":35,"column":46},"end":{"line":41,"column":1}}},"2":{"name":"normalizeUppercase","decl":{"start":{"line":49,"column":16},"end":{"line":49,"column":34}},"loc":{"start":{"line":49,"column":48},"end":{"line":55,"column":1}}},"3":{"name":"trim","decl":{"start":{"line":63,"column":16},"end":{"line":63,"column":20}},"loc":{"start":{"line":63,"column":34},"end":{"line":69,"column":1}}},"4":{"name":"isEmpty","decl":{"start":{"line":77,"column":16},"end":{"line":77,"column":23}},"loc":{"start":{"line":77,"column":56},"end":{"line":79,"column":1}}},"5":{"name":"isNumeric","decl":{"start":{"line":87,"column":16},"end":{"line":87,"column":25}},"loc":{"start":{"line":87,"column":39},"end":{"line":93,"column":1}}},"6":{"name":"toString","decl":{"start":{"line":101,"column":16},"end":{"line":101,"column":24}},"loc":{"start":{"line":101,"column":39},"end":{"line":107,"column":1}}},"7":{"name":"truncate","decl":{"start":{"line":117,"column":16},"end":{"line":117,"column":24}},"loc":{"start":{"line":117,"column":81},"end":{"line":123,"column":1}}}},"branchMap":{"0":{"loc":{"start":{"line":22,"column":2},"end":{"line":24,"column":3}},"type":"if","locations":[{"start":{"line":22,"column":2},"end":{"line":24,"column":3}}]},"1":{"loc":{"start":{"line":22,"column":6},"end":{"line":22,"column":39}},"type":"binary-expr","locations":[{"start":{"line":22,"column":6},"end":{"line":22,"column":11}},{"start":{"line":22,"column":15},"end":{"line":22,"column":39}}]},"2":{"loc":{"start":{"line":36,"column":2},"end":{"line":38,"column":3}},"type":"if","locations":[{"start":{"line":36,"column":2},"end":{"line":38,"column":3}}]},"3":{"loc":{"start":{"line":36,"column":6},"end":{"line":36,"column":41}},"type":"binary-expr","locations":[{"start":{"line":36,"column":6},"end":{"line":36,"column":12}},{"start":{"line":36,"column":16},"end":{"line":36,"column":41}}]},"4":{"loc":{"start":{"line":50,"column":2},"end":{"line":52,"column":3}},"type":"if","locations":[{"start":{"line":50,"column":2},"end":{"line":52,"column":3}}]},"5":{"loc":{"start":{"line":50,"column":6},"end":{"line":50,"column":41}},"type":"binary-expr","locations":[{"start":{"line":50,"column":6},"end":{"line":50,"column":12}},{"start":{"line":50,"column":16},"end":{"line":50,"column":41}}]},"6":{"loc":{"start":{"line":64,"column":2},"end":{"line":66,"column":3}},"type":"if","locations":[{"start":{"line":64,"column":2},"end":{"line":66,"column":3}}]},"7":{"loc":{"start":{"line":64,"column":6},"end":{"line":64,"column":41}},"type":"binary-expr","locations":[{"start":{"line":64,"column":6},"end":{"line":64,"column":12}},{"start":{"line":64,"column":16},"end":{"line":64,"column":41}}]},"8":{"loc":{"start":{"line":78,"column":9},"end":{"line":78,"column":44}},"type":"binary-expr","locations":[{"start":{"line":78,"column":9},"end":{"line":78,"column":15}},{"start":{"line":78,"column":19},"end":{"line":78,"column":44}}]},"9":{"loc":{"start":{"line":88,"column":2},"end":{"line":90,"column":3}},"type":"if","locations":[{"start":{"line":88,"column":2},"end":{"line":90,"column":3}}]},"10":{"loc":{"start":{"line":88,"column":6},"end":{"line":88,"column":41}},"type":"binary-expr","locations":[{"start":{"line":88,"column":6},"end":{"line":88,"column":12}},{"start":{"line":88,"column":16},"end":{"line":88,"column":41}}]},"11":{"loc":{"start":{"line":102,"column":2},"end":{"line":104,"column":3}},"type":"if","locations":[{"start":{"line":102,"column":2},"end":{"line":104,"column":3}}]},"12":{"loc":{"start":{"line":102,"column":6},"end":{"line":102,"column":43}},"type":"binary-expr","locations":[{"start":{"line":102,"column":6},"end":{"line":102,"column":20}},{"start":{"line":102,"column":24},"end":{"line":102,"column":43}}]},"13":{"loc":{"start":{"line":117,"column":59},"end":{"line":117,"column":81}},"type":"default-arg","locations":[{"start":{"line":117,"column":76},"end":{"line":117,"column":81}}]},"14":{"loc":{"start":{"line":118,"column":2},"end":{"line":120,"column":3}},"type":"if","locations":[{"start":{"line":118,"column":2},"end":{"line":120,"column":3}}]},"15":{"loc":{"start":{"line":118,"column":6},"end":{"line":118,"column":41}},"type":"binary-expr","locations":[{"start":{"line":118,"column":6},"end":{"line":118,"column":12}},{"start":{"line":118,"column":16},"end":{"line":118,"column":41}}]}},"s":{"0":5,"1":5,"2":5,"3":5,"4":5,"5":5,"6":5,"7":5,"8":5,"9":34,"10":3,"11":31,"12":8,"13":4,"14":4,"15":7,"16":4,"17":3,"18":56,"19":4,"20":52,"21":92,"22":11,"23":4,"24":7,"25":8,"26":2,"27":6,"28":11,"29":7,"30":4},"f":{"0":34,"1":8,"2":7,"3":56,"4":92,"5":11,"6":8,"7":11},"b":{"0":[3],"1":[34,31],"2":[4],"3":[8,5],"4":[4],"5":[7,4],"6":[4],"7":[56,53],"8":[92,79],"9":[4],"10":[11,8],"11":[2],"12":[8,7],"13":[9],"14":[7],"15":[11,8]}}
,"/Users/do.caruso/Projects/my-many-books/libs/shared-validation/src/validators/author.validator.ts": {"path":"/Users/do.caruso/Projects/my-many-books/libs/shared-validation/src/validators/author.validator.ts","statementMap":{"0":{"start":{"line":20,"column":0},"end":{"line":20,"column":16}},"1":{"start":{"line":65,"column":0},"end":{"line":65,"column":16}},"2":{"start":{"line":110,"column":0},"end":{"line":110,"column":16}},"3":{"start":{"line":132,"column":0},"end":{"line":132,"column":16}},"4":{"start":{"line":8,"column":0},"end":{"line":8,"column":null}},"5":{"start":{"line":14,"column":0},"end":{"line":14,"column":54}},"6":{"start":{"line":15,"column":0},"end":{"line":15,"column":49}},"7":{"start":{"line":21,"column":2},"end":{"line":28,"column":3}},"8":{"start":{"line":22,"column":4},"end":{"line":27,"column":6}},"9":{"start":{"line":30,"column":18},"end":{"line":30,"column":28}},"10":{"start":{"line":32,"column":2},"end":{"line":39,"column":3}},"11":{"start":{"line":33,"column":4},"end":{"line":38,"column":6}},"12":{"start":{"line":41,"column":2},"end":{"line":48,"column":3}},"13":{"start":{"line":42,"column":4},"end":{"line":47,"column":6}},"14":{"start":{"line":50,"column":2},"end":{"line":57,"column":3}},"15":{"start":{"line":51,"column":4},"end":{"line":56,"column":6}},"16":{"start":{"line":59,"column":2},"end":{"line":59,"column":27}},"17":{"start":{"line":66,"column":2},"end":{"line":73,"column":3}},"18":{"start":{"line":67,"column":4},"end":{"line":72,"column":6}},"19":{"start":{"line":75,"column":18},"end":{"line":75,"column":31}},"20":{"start":{"line":77,"column":2},"end":{"line":84,"column":3}},"21":{"start":{"line":78,"column":4},"end":{"line":83,"column":6}},"22":{"start":{"line":86,"column":2},"end":{"line":93,"column":3}},"23":{"start":{"line":87,"column":4},"end":{"line":92,"column":6}},"24":{"start":{"line":95,"column":2},"end":{"line":102,"column":3}},"25":{"start":{"line":96,"column":4},"end":{"line":101,"column":6}},"26":{"start":{"line":104,"column":2},"end":{"line":104,"column":27}},"27":{"start":{"line":111,"column":2},"end":{"line":113,"column":3}},"28":{"start":{"line":112,"column":4},"end":{"line":112,"column":29}},"29":{"start":{"line":115,"column":18},"end":{"line":115,"column":35}},"30":{"start":{"line":117,"column":2},"end":{"line":124,"column":3}},"31":{"start":{"line":118,"column":4},"end":{"line":123,"column":6}},"32":{"start":{"line":126,"column":2},"end":{"line":126,"column":27}},"33":{"start":{"line":133,"column":2},"end":{"line":135,"column":3}},"34":{"start":{"line":134,"column":4},"end":{"line":134,"column":17}},"35":{"start":{"line":137,"column":18},"end":{"line":137,"column":28}},"36":{"start":{"line":139,"column":2},"end":{"line":143,"column":4}}},"fnMap":{"0":{"name":"validateAuthorName","decl":{"start":{"line":20,"column":16},"end":{"line":20,"column":34}},"loc":{"start":{"line":20,"column":47},"end":{"line":60,"column":1}}},"1":{"name":"validateAuthorSurname","decl":{"start":{"line":65,"column":16},"end":{"line":65,"column":37}},"loc":{"start":{"line":65,"column":53},"end":{"line":105,"column":1}}},"2":{"name":"validateNationality","decl":{"start":{"line":110,"column":16},"end":{"line":110,"column":35}},"loc":{"start":{"line":110,"column":74},"end":{"line":127,"column":1}}},"3":{"name":"isValidName","decl":{"start":{"line":132,"column":16},"end":{"line":132,"column":27}},"loc":{"start":{"line":132,"column":40},"end":{"line":144,"column":1}}}},"branchMap":{"0":{"loc":{"start":{"line":21,"column":2},"end":{"line":28,"column":3}},"type":"if","locations":[{"start":{"line":21,"column":2},"end":{"line":28,"column":3}}]},"1":{"loc":{"start":{"line":32,"column":2},"end":{"line":39,"column":3}},"type":"if","locations":[{"start":{"line":32,"column":2},"end":{"line":39,"column":3}}]},"2":{"loc":{"start":{"line":41,"column":2},"end":{"line":48,"column":3}},"type":"if","locations":[{"start":{"line":41,"column":2},"end":{"line":48,"column":3}}]},"3":{"loc":{"start":{"line":50,"column":2},"end":{"line":57,"column":3}},"type":"if","locations":[{"start":{"line":50,"column":2},"end":{"line":57,"column":3}}]},"4":{"loc":{"start":{"line":66,"column":2},"end":{"line":73,"column":3}},"type":"if","locations":[{"start":{"line":66,"column":2},"end":{"line":73,"column":3}}]},"5":{"loc":{"start":{"line":77,"column":2},"end":{"line":84,"column":3}},"type":"if","locations":[{"start":{"line":77,"column":2},"end":{"line":84,"column":3}}]},"6":{"loc":{"start":{"line":86,"column":2},"end":{"line":93,"column":3}},"type":"if","locations":[{"start":{"line":86,"column":2},"end":{"line":93,"column":3}}]},"7":{"loc":{"start":{"line":95,"column":2},"end":{"line":102,"column":3}},"type":"if","locations":[{"start":{"line":95,"column":2},"end":{"line":102,"column":3}}]},"8":{"loc":{"start":{"line":111,"column":2},"end":{"line":113,"column":3}},"type":"if","locations":[{"start":{"line":111,"column":2},"end":{"line":113,"column":3}}]},"9":{"loc":{"start":{"line":111,"column":6},"end":{"line":111,"column":77}},"type":"binary-expr","locations":[{"start":{"line":111,"column":6},"end":{"line":111,"column":26}},{"start":{"line":111,"column":30},"end":{"line":111,"column":55}},{"start":{"line":111,"column":59},"end":{"line":111,"column":77}}]},"10":{"loc":{"start":{"line":117,"column":2},"end":{"line":124,"column":3}},"type":"if","locations":[{"start":{"line":117,"column":2},"end":{"line":124,"column":3}}]},"11":{"loc":{"start":{"line":133,"column":2},"end":{"line":135,"column":3}},"type":"if","locations":[{"start":{"line":133,"column":2},"end":{"line":135,"column":3}}]},"12":{"loc":{"start":{"line":140,"column":4},"end":{"line":142,"column":38}},"type":"binary-expr","locations":[{"start":{"line":140,"column":4},"end":{"line":140,"column":56}},{"start":{"line":141,"column":4},"end":{"line":141,"column":56}},{"start":{"line":142,"column":4},"end":{"line":142,"column":38}}]}},"s":{"0":1,"1":1,"2":1,"3":1,"4":1,"5":1,"6":1,"7":10,"8":1,"9":9,"10":9,"11":0,"12":9,"13":1,"14":8,"15":2,"16":6,"17":8,"18":1,"19":7,"20":7,"21":0,"22":7,"23":1,"24":6,"25":1,"26":5,"27":7,"28":3,"29":4,"30":4,"31":1,"32":3,"33":8,"34":1,"35":7,"36":7},"f":{"0":10,"1":8,"2":7,"3":8},"b":{"0":[1],"1":[0],"2":[1],"3":[2],"4":[1],"5":[0],"6":[1],"7":[1],"8":[3],"9":[7,6,5],"10":[1],"11":[1],"12":[7,7,6]}}
,"/Users/do.caruso/Projects/my-many-books/libs/shared-validation/src/validators/book.validator.ts": {"path":"/Users/do.caruso/Projects/my-many-books/libs/shared-validation/src/validators/book.validator.ts","statementMap":{"0":{"start":{"line":22,"column":0},"end":{"line":22,"column":16}},"1":{"start":{"line":61,"column":0},"end":{"line":61,"column":16}},"2":{"start":{"line":82,"column":0},"end":{"line":82,"column":16}},"3":{"start":{"line":99,"column":0},"end":{"line":99,"column":16}},"4":{"start":{"line":120,"column":0},"end":{"line":120,"column":16}},"5":{"start":{"line":144,"column":0},"end":{"line":144,"column":16}},"6":{"start":{"line":8,"column":0},"end":{"line":8,"column":null}},"7":{"start":{"line":16,"column":0},"end":{"line":16,"column":54}},"8":{"start":{"line":17,"column":0},"end":{"line":17,"column":49}},"9":{"start":{"line":23,"column":2},"end":{"line":31,"column":3}},"10":{"start":{"line":24,"column":22},"end":{"line":24,"column":38}},"11":{"start":{"line":25,"column":4},"end":{"line":30,"column":6}},"12":{"start":{"line":33,"column":18},"end":{"line":33,"column":29}},"13":{"start":{"line":35,"column":2},"end":{"line":43,"column":3}},"14":{"start":{"line":36,"column":22},"end":{"line":36,"column":39}},"15":{"start":{"line":37,"column":4},"end":{"line":42,"column":6}},"16":{"start":{"line":45,"column":2},"end":{"line":53,"column":3}},"17":{"start":{"line":46,"column":22},"end":{"line":46,"column":38}},"18":{"start":{"line":47,"column":4},"end":{"line":52,"column":6}},"19":{"start":{"line":55,"column":2},"end":{"line":55,"column":27}},"20":{"start":{"line":62,"column":2},"end":{"line":64,"column":3}},"21":{"start":{"line":63,"column":4},"end":{"line":63,"column":29}},"22":{"start":{"line":66,"column":2},"end":{"line":74,"column":3}},"23":{"start":{"line":67,"column":22},"end":{"line":67,"column":38}},"24":{"start":{"line":68,"column":4},"end":{"line":73,"column":6}},"25":{"start":{"line":76,"column":2},"end":{"line":76,"column":27}},"26":{"start":{"line":83,"column":2},"end":{"line":91,"column":3}},"27":{"start":{"line":84,"column":22},"end":{"line":84,"column":38}},"28":{"start":{"line":85,"column":4},"end":{"line":90,"column":6}},"29":{"start":{"line":93,"column":2},"end":{"line":93,"column":27}},"30":{"start":{"line":100,"column":2},"end":{"line":102,"column":3}},"31":{"start":{"line":101,"column":4},"end":{"line":101,"column":29}},"32":{"start":{"line":104,"column":2},"end":{"line":112,"column":3}},"33":{"start":{"line":105,"column":22},"end":{"line":105,"column":46}},"34":{"start":{"line":106,"column":4},"end":{"line":111,"column":6}},"35":{"start":{"line":114,"column":2},"end":{"line":114,"column":27}},"36":{"start":{"line":121,"column":2},"end":{"line":123,"column":3}},"37":{"start":{"line":122,"column":4},"end":{"line":122,"column":29}},"38":{"start":{"line":126,"column":15},"end":{"line":126,"column":84}},"39":{"start":{"line":128,"column":2},"end":{"line":136,"column":3}},"40":{"start":{"line":129,"column":22},"end":{"line":129,"column":44}},"41":{"start":{"line":130,"column":4},"end":{"line":135,"column":6}},"42":{"start":{"line":138,"column":2},"end":{"line":138,"column":27}},"43":{"start":{"line":145,"column":2},"end":{"line":145,"column":60}}},"fnMap":{"0":{"name":"validateTitle","decl":{"start":{"line":22,"column":16},"end":{"line":22,"column":29}},"loc":{"start":{"line":22,"column":43},"end":{"line":56,"column":1}}},"1":{"name":"validateNotes","decl":{"start":{"line":61,"column":16},"end":{"line":61,"column":29}},"loc":{"start":{"line":61,"column":62},"end":{"line":77,"column":1}}},"2":{"name":"validateStatus","decl":{"start":{"line":82,"column":16},"end":{"line":82,"column":30}},"loc":{"start":{"line":82,"column":45},"end":{"line":94,"column":1}}},"3":{"name":"validateEditionNumber","decl":{"start":{"line":99,"column":16},"end":{"line":99,"column":37}},"loc":{"start":{"line":99,"column":78},"end":{"line":115,"column":1}}},"4":{"name":"validateEditionDate","decl":{"start":{"line":120,"column":16},"end":{"line":120,"column":35}},"loc":{"start":{"line":120,"column":81},"end":{"line":139,"column":1}}},"5":{"name":"isValidBookStatus","decl":{"start":{"line":144,"column":16},"end":{"line":144,"column":33}},"loc":{"start":{"line":144,"column":48},"end":{"line":146,"column":1}}}},"branchMap":{"0":{"loc":{"start":{"line":23,"column":2},"end":{"line":31,"column":3}},"type":"if","locations":[{"start":{"line":23,"column":2},"end":{"line":31,"column":3}}]},"1":{"loc":{"start":{"line":35,"column":2},"end":{"line":43,"column":3}},"type":"if","locations":[{"start":{"line":35,"column":2},"end":{"line":43,"column":3}}]},"2":{"loc":{"start":{"line":45,"column":2},"end":{"line":53,"column":3}},"type":"if","locations":[{"start":{"line":45,"column":2},"end":{"line":53,"column":3}}]},"3":{"loc":{"start":{"line":62,"column":2},"end":{"line":64,"column":3}},"type":"if","locations":[{"start":{"line":62,"column":2},"end":{"line":64,"column":3}}]},"4":{"loc":{"start":{"line":62,"column":6},"end":{"line":62,"column":59}},"type":"binary-expr","locations":[{"start":{"line":62,"column":6},"end":{"line":62,"column":20}},{"start":{"line":62,"column":24},"end":{"line":62,"column":43}},{"start":{"line":62,"column":47},"end":{"line":62,"column":59}}]},"5":{"loc":{"start":{"line":66,"column":2},"end":{"line":74,"column":3}},"type":"if","locations":[{"start":{"line":66,"column":2},"end":{"line":74,"column":3}}]},"6":{"loc":{"start":{"line":83,"column":2},"end":{"line":91,"column":3}},"type":"if","locations":[{"start":{"line":83,"column":2},"end":{"line":91,"column":3}}]},"7":{"loc":{"start":{"line":100,"column":2},"end":{"line":102,"column":3}},"type":"if","locations":[{"start":{"line":100,"column":2},"end":{"line":102,"column":3}}]},"8":{"loc":{"start":{"line":100,"column":6},"end":{"line":100,"column":59}},"type":"binary-expr","locations":[{"start":{"line":100,"column":6},"end":{"line":100,"column":28}},{"start":{"line":100,"column":32},"end":{"line":100,"column":59}}]},"9":{"loc":{"start":{"line":104,"column":2},"end":{"line":112,"column":3}},"type":"if","locations":[{"start":{"line":104,"column":2},"end":{"line":112,"column":3}}]},"10":{"loc":{"start":{"line":104,"column":6},"end":{"line":104,"column":93}},"type":"binary-expr","locations":[{"start":{"line":104,"column":6},"end":{"line":104,"column":38}},{"start":{"line":104,"column":42},"end":{"line":104,"column":93}}]},"11":{"loc":{"start":{"line":121,"column":2},"end":{"line":123,"column":3}},"type":"if","locations":[{"start":{"line":121,"column":2},"end":{"line":123,"column":3}}]},"12":{"loc":{"start":{"line":121,"column":6},"end":{"line":121,"column":77}},"type":"binary-expr","locations":[{"start":{"line":121,"column":6},"end":{"line":121,"column":26}},{"start":{"line":121,"column":30},"end":{"line":121,"column":55}},{"start":{"line":121,"column":59},"end":{"line":121,"column":77}}]},"13":{"loc":{"start":{"line":126,"column":15},"end":{"line":126,"column":84}},"type":"cond-expr","locations":[{"start":{"line":126,"column":49},"end":{"line":126,"column":70}},{"start":{"line":126,"column":73},"end":{"line":126,"column":84}}]},"14":{"loc":{"start":{"line":128,"column":2},"end":{"line":136,"column":3}},"type":"if","locations":[{"start":{"line":128,"column":2},"end":{"line":136,"column":3}}]}},"s":{"0":1,"1":1,"2":1,"3":1,"4":1,"5":1,"6":1,"7":1,"8":1,"9":6,"10":1,"11":1,"12":5,"13":5,"14":0,"15":0,"16":5,"17":1,"18":1,"19":4,"20":6,"21":3,"22":3,"23":1,"24":1,"25":2,"26":5,"27":1,"28":1,"29":4,"30":8,"31":2,"32":6,"33":3,"34":3,"35":3,"36":7,"37":3,"38":4,"39":4,"40":1,"41":1,"42":3,"43":7},"f":{"0":6,"1":6,"2":5,"3":8,"4":7,"5":7},"b":{"0":[1],"1":[0],"2":[1],"3":[3],"4":[6,5,4],"5":[1],"6":[1],"7":[2],"8":[8,7],"9":[3],"10":[6,5],"11":[3],"12":[7,6,5],"13":[3,1],"14":[1]}}
,"/Users/do.caruso/Projects/my-many-books/libs/shared-validation/src/validators/category.validator.ts": {"path":"/Users/do.caruso/Projects/my-many-books/libs/shared-validation/src/validators/category.validator.ts","statementMap":{"0":{"start":{"line":19,"column":0},"end":{"line":19,"column":16}},"1":{"start":{"line":55,"column":0},"end":{"line":55,"column":16}},"2":{"start":{"line":8,"column":0},"end":{"line":8,"column":null}},"3":{"start":{"line":13,"column":0},"end":{"line":13,"column":54}},"4":{"start":{"line":14,"column":0},"end":{"line":14,"column":49}},"5":{"start":{"line":20,"column":2},"end":{"line":27,"column":3}},"6":{"start":{"line":21,"column":4},"end":{"line":26,"column":6}},"7":{"start":{"line":29,"column":18},"end":{"line":29,"column":28}},"8":{"start":{"line":31,"column":2},"end":{"line":38,"column":3}},"9":{"start":{"line":32,"column":4},"end":{"line":37,"column":6}},"10":{"start":{"line":40,"column":2},"end":{"line":47,"column":3}},"11":{"start":{"line":41,"column":4},"end":{"line":46,"column":6}},"12":{"start":{"line":49,"column":2},"end":{"line":49,"column":27}},"13":{"start":{"line":56,"column":2},"end":{"line":58,"column":3}},"14":{"start":{"line":57,"column":4},"end":{"line":57,"column":17}},"15":{"start":{"line":60,"column":18},"end":{"line":60,"column":28}},"16":{"start":{"line":62,"column":2},"end":{"line":65,"column":4}}},"fnMap":{"0":{"name":"validateCategoryName","decl":{"start":{"line":19,"column":16},"end":{"line":19,"column":36}},"loc":{"start":{"line":19,"column":49},"end":{"line":50,"column":1}}},"1":{"name":"isValidCategoryName","decl":{"start":{"line":55,"column":16},"end":{"line":55,"column":35}},"loc":{"start":{"line":55,"column":48},"end":{"line":66,"column":1}}}},"branchMap":{"0":{"loc":{"start":{"line":20,"column":2},"end":{"line":27,"column":3}},"type":"if","locations":[{"start":{"line":20,"column":2},"end":{"line":27,"column":3}}]},"1":{"loc":{"start":{"line":31,"column":2},"end":{"line":38,"column":3}},"type":"if","locations":[{"start":{"line":31,"column":2},"end":{"line":38,"column":3}}]},"2":{"loc":{"start":{"line":40,"column":2},"end":{"line":47,"column":3}},"type":"if","locations":[{"start":{"line":40,"column":2},"end":{"line":47,"column":3}}]},"3":{"loc":{"start":{"line":56,"column":2},"end":{"line":58,"column":3}},"type":"if","locations":[{"start":{"line":56,"column":2},"end":{"line":58,"column":3}}]},"4":{"loc":{"start":{"line":63,"column":4},"end":{"line":64,"column":58}},"type":"binary-expr","locations":[{"start":{"line":63,"column":4},"end":{"line":63,"column":58}},{"start":{"line":64,"column":4},"end":{"line":64,"column":58}}]}},"s":{"0":1,"1":1,"2":1,"3":1,"4":1,"5":11,"6":1,"7":10,"8":10,"9":0,"10":10,"11":1,"12":9,"13":6,"14":1,"15":5,"16":5},"f":{"0":11,"1":6},"b":{"0":[1],"1":[0],"2":[1],"3":[1],"4":[5,5]}}
,"/Users/do.caruso/Projects/my-many-books/libs/shared-validation/src/validators/isbn.validator.ts": {"path":"/Users/do.caruso/Projects/my-many-books/libs/shared-validation/src/validators/isbn.validator.ts","statementMap":{"0":{"start":{"line":33,"column":0},"end":{"line":33,"column":16}},"1":{"start":{"line":84,"column":0},"end":{"line":84,"column":16}},"2":{"start":{"line":135,"column":0},"end":{"line":135,"column":16}},"3":{"start":{"line":185,"column":0},"end":{"line":185,"column":16}},"4":{"start":{"line":208,"column":0},"end":{"line":208,"column":16}},"5":{"start":{"line":239,"column":0},"end":{"line":239,"column":16}},"6":{"start":{"line":272,"column":0},"end":{"line":272,"column":16}},"7":{"start":{"line":299,"column":0},"end":{"line":299,"column":16}},"8":{"start":{"line":318,"column":0},"end":{"line":318,"column":16}},"9":{"start":{"line":350,"column":0},"end":{"line":350,"column":16}},"10":{"start":{"line":8,"column":0},"end":{"line":8,"column":null}},"11":{"start":{"line":15,"column":0},"end":{"line":15,"column":63}},"12":{"start":{"line":34,"column":2},"end":{"line":40,"column":3}},"13":{"start":{"line":35,"column":4},"end":{"line":39,"column":6}},"14":{"start":{"line":42,"column":20},"end":{"line":42,"column":39}},"15":{"start":{"line":44,"column":2},"end":{"line":50,"column":3}},"16":{"start":{"line":45,"column":4},"end":{"line":49,"column":6}},"17":{"start":{"line":53,"column":2},"end":{"line":65,"column":3}},"18":{"start":{"line":54,"column":25},"end":{"line":54,"column":50}},"19":{"start":{"line":55,"column":4},"end":{"line":63,"column":5}},"20":{"start":{"line":57,"column":21},"end":{"line":57,"column":71}},"21":{"start":{"line":58,"column":6},"end":{"line":62,"column":8}},"22":{"start":{"line":64,"column":4},"end":{"line":64,"column":24}},"23":{"start":{"line":67,"column":2},"end":{"line":69,"column":3}},"24":{"start":{"line":68,"column":4},"end":{"line":68,"column":37}},"25":{"start":{"line":71,"column":2},"end":{"line":75,"column":4}},"26":{"start":{"line":85,"column":2},"end":{"line":91,"column":3}},"27":{"start":{"line":86,"column":4},"end":{"line":90,"column":6}},"28":{"start":{"line":94,"column":20},"end":{"line":94,"column":40}},"29":{"start":{"line":95,"column":2},"end":{"line":101,"column":3}},"30":{"start":{"line":96,"column":4},"end":{"line":100,"column":6}},"31":{"start":{"line":104,"column":20},"end":{"line":104,"column":34}},"32":{"start":{"line":105,"column":2},"end":{"line":111,"column":3}},"33":{"start":{"line":106,"column":4},"end":{"line":110,"column":6}},"34":{"start":{"line":114,"column":2},"end":{"line":120,"column":3}},"35":{"start":{"line":115,"column":4},"end":{"line":119,"column":6}},"36":{"start":{"line":122,"column":2},"end":{"line":126,"column":4}},"37":{"start":{"line":136,"column":2},"end":{"line":142,"column":3}},"38":{"start":{"line":137,"column":4},"end":{"line":141,"column":6}},"39":{"start":{"line":145,"column":2},"end":{"line":151,"column":3}},"40":{"start":{"line":146,"column":4},"end":{"line":150,"column":6}},"41":{"start":{"line":154,"column":17},"end":{"line":154,"column":37}},"42":{"start":{"line":155,"column":2},"end":{"line":161,"column":3}},"43":{"start":{"line":156,"column":4},"end":{"line":160,"column":6}},"44":{"start":{"line":164,"column":2},"end":{"line":170,"column":3}},"45":{"start":{"line":165,"column":4},"end":{"line":169,"column":6}},"46":{"start":{"line":172,"column":2},"end":{"line":176,"column":4}},"47":{"start":{"line":186,"column":2},"end":{"line":188,"column":3}},"48":{"start":{"line":187,"column":4},"end":{"line":187,"column":17}},"49":{"start":{"line":190,"column":12},"end":{"line":190,"column":13}},"50":{"start":{"line":191,"column":2},"end":{"line":193,"column":3}},"51":{"start":{"line":191,"column":15},"end":{"line":191,"column":16}},"52":{"start":{"line":192,"column":4},"end":{"line":192,"column":47}},"53":{"start":{"line":195,"column":20},"end":{"line":195,"column":34}},"54":{"start":{"line":196,"column":21},"end":{"line":196,"column":84}},"55":{"start":{"line":197,"column":2},"end":{"line":197,"column":20}},"56":{"start":{"line":199,"column":2},"end":{"line":199,"column":50}},"57":{"start":{"line":209,"column":2},"end":{"line":211,"column":3}},"58":{"start":{"line":210,"column":4},"end":{"line":210,"column":17}},"59":{"start":{"line":213,"column":12},"end":{"line":213,"column":13}},"60":{"start":{"line":214,"column":2},"end":{"line":221,"column":3}},"61":{"start":{"line":214,"column":15},"end":{"line":214,"column":16}},"62":{"start":{"line":215,"column":18},"end":{"line":215,"column":42}},"63":{"start":{"line":217,"column":6},"end":{"line":219,"column":46}},"64":{"start":{"line":220,"column":4},"end":{"line":220,"column":30}},"65":{"start":{"line":223,"column":21},"end":{"line":223,"column":46}},"66":{"start":{"line":224,"column":26},"end":{"line":224,"column":126}},"67":{"start":{"line":226,"column":2},"end":{"line":226,"column":40}},"68":{"start":{"line":240,"column":2},"end":{"line":242,"column":3}},"69":{"start":{"line":241,"column":4},"end":{"line":241,"column":46}},"70":{"start":{"line":245,"column":15},"end":{"line":245,"column":45}},"71":{"start":{"line":248,"column":12},"end":{"line":248,"column":13}},"72":{"start":{"line":249,"column":2},"end":{"line":256,"column":3}},"73":{"start":{"line":249,"column":15},"end":{"line":249,"column":16}},"74":{"start":{"line":250,"column":18},"end":{"line":250,"column":42}},"75":{"start":{"line":252,"column":6},"end":{"line":254,"column":46}},"76":{"start":{"line":255,"column":4},"end":{"line":255,"column":30}},"77":{"start":{"line":258,"column":21},"end":{"line":258,"column":121}},"78":{"start":{"line":259,"column":2},"end":{"line":259,"column":38}},"79":{"start":{"line":273,"column":21},"end":{"line":273,"column":39}},"80":{"start":{"line":274,"column":2},"end":{"line":276,"column":3}},"81":{"start":{"line":275,"column":4},"end":{"line":275,"column":16}},"82":{"start":{"line":278,"column":25},"end":{"line":278,"column":50}},"83":{"start":{"line":280,"column":2},"end":{"line":283,"column":3}},"84":{"start":{"line":282,"column":4},"end":{"line":282,"column":182}},"85":{"start":{"line":285,"column":2},"end":{"line":288,"column":3}},"86":{"start":{"line":287,"column":4},"end":{"line":287,"column":146}},"87":{"start":{"line":290,"column":2},"end":{"line":290,"column":24}},"88":{"start":{"line":300,"column":2},"end":{"line":302,"column":3}},"89":{"start":{"line":301,"column":4},"end":{"line":301,"column":17}},"90":{"start":{"line":304,"column":18},"end":{"line":304,"column":38}},"91":{"start":{"line":305,"column":2},"end":{"line":305,"column":114}},"92":{"start":{"line":319,"column":2},"end":{"line":321,"column":3}},"93":{"start":{"line":320,"column":4},"end":{"line":320,"column":16}},"94":{"start":{"line":324,"column":22},"end":{"line":324,"column":64}},"95":{"start":{"line":325,"column":2},"end":{"line":330,"column":3}},"96":{"start":{"line":326,"column":19},"end":{"line":326,"column":47}},"97":{"start":{"line":327,"column":4},"end":{"line":329,"column":5}},"98":{"start":{"line":328,"column":6},"end":{"line":328,"column":35}},"99":{"start":{"line":333,"column":22},"end":{"line":333,"column":64}},"100":{"start":{"line":334,"column":2},"end":{"line":339,"column":3}},"101":{"start":{"line":335,"column":19},"end":{"line":335,"column":47}},"102":{"start":{"line":336,"column":4},"end":{"line":338,"column":5}},"103":{"start":{"line":337,"column":6},"end":{"line":337,"column":35}},"104":{"start":{"line":341,"column":2},"end":{"line":341,"column":14}},"105":{"start":{"line":351,"column":2},"end":{"line":353,"column":3}},"106":{"start":{"line":352,"column":4},"end":{"line":352,"column":17}},"107":{"start":{"line":355,"column":21},"end":{"line":355,"column":40}},"108":{"start":{"line":356,"column":2},"end":{"line":358,"column":65}}},"fnMap":{"0":{"name":"validateIsbn","decl":{"start":{"line":33,"column":16},"end":{"line":33,"column":28}},"loc":{"start":{"line":33,"column":41},"end":{"line":76,"column":1}}},"1":{"name":"validateIsbn10","decl":{"start":{"line":84,"column":16},"end":{"line":84,"column":30}},"loc":{"start":{"line":84,"column":43},"end":{"line":127,"column":1}}},"2":{"name":"validateIsbn13","decl":{"start":{"line":135,"column":16},"end":{"line":135,"column":30}},"loc":{"start":{"line":135,"column":43},"end":{"line":177,"column":1}}},"3":{"name":"validateIsbn10Checksum","decl":{"start":{"line":185,"column":16},"end":{"line":185,"column":38}},"loc":{"start":{"line":185,"column":51},"end":{"line":200,"column":1}}},"4":{"name":"validateIsbn13Checksum","decl":{"start":{"line":208,"column":16},"end":{"line":208,"column":38}},"loc":{"start":{"line":208,"column":51},"end":{"line":227,"column":1}}},"5":{"name":"convertIsbn10ToIsbn13","decl":{"start":{"line":239,"column":16},"end":{"line":239,"column":37}},"loc":{"start":{"line":239,"column":52},"end":{"line":260,"column":1}}},"6":{"name":"formatIsbnForDisplay","decl":{"start":{"line":272,"column":16},"end":{"line":272,"column":36}},"loc":{"start":{"line":272,"column":49},"end":{"line":291,"column":1}}},"7":{"name":"isLikelyIsbn","decl":{"start":{"line":299,"column":16},"end":{"line":299,"column":28}},"loc":{"start":{"line":299,"column":42},"end":{"line":306,"column":1}}},"8":{"name":"extractIsbn","decl":{"start":{"line":318,"column":16},"end":{"line":318,"column":27}},"loc":{"start":{"line":318,"column":41},"end":{"line":342,"column":1}}},"9":{"name":"isValidIsbnFormat","decl":{"start":{"line":350,"column":16},"end":{"line":350,"column":33}},"loc":{"start":{"line":350,"column":46},"end":{"line":359,"column":1}}}},"branchMap":{"0":{"loc":{"start":{"line":34,"column":2},"end":{"line":40,"column":3}},"type":"if","locations":[{"start":{"line":34,"column":2},"end":{"line":40,"column":3}}]},"1":{"loc":{"start":{"line":44,"column":2},"end":{"line":50,"column":3}},"type":"if","locations":[{"start":{"line":44,"column":2},"end":{"line":50,"column":3}}]},"2":{"loc":{"start":{"line":53,"column":2},"end":{"line":65,"column":3}},"type":"if","locations":[{"start":{"line":53,"column":2},"end":{"line":65,"column":3}}]},"3":{"loc":{"start":{"line":55,"column":4},"end":{"line":63,"column":5}},"type":"if","locations":[{"start":{"line":55,"column":4},"end":{"line":63,"column":5}}]},"4":{"loc":{"start":{"line":55,"column":8},"end":{"line":55,"column":59}},"type":"binary-expr","locations":[{"start":{"line":55,"column":8},"end":{"line":55,"column":28}},{"start":{"line":55,"column":32},"end":{"line":55,"column":59}}]},"5":{"loc":{"start":{"line":67,"column":2},"end":{"line":69,"column":3}},"type":"if","locations":[{"start":{"line":67,"column":2},"end":{"line":69,"column":3}}]},"6":{"loc":{"start":{"line":85,"column":2},"end":{"line":91,"column":3}},"type":"if","locations":[{"start":{"line":85,"column":2},"end":{"line":91,"column":3}}]},"7":{"loc":{"start":{"line":95,"column":2},"end":{"line":101,"column":3}},"type":"if","locations":[{"start":{"line":95,"column":2},"end":{"line":101,"column":3}}]},"8":{"loc":{"start":{"line":105,"column":2},"end":{"line":111,"column":3}},"type":"if","locations":[{"start":{"line":105,"column":2},"end":{"line":111,"column":3}}]},"9":{"loc":{"start":{"line":114,"column":2},"end":{"line":120,"column":3}},"type":"if","locations":[{"start":{"line":114,"column":2},"end":{"line":120,"column":3}}]},"10":{"loc":{"start":{"line":136,"column":2},"end":{"line":142,"column":3}},"type":"if","locations":[{"start":{"line":136,"column":2},"end":{"line":142,"column":3}}]},"11":{"loc":{"start":{"line":145,"column":2},"end":{"line":151,"column":3}},"type":"if","locations":[{"start":{"line":145,"column":2},"end":{"line":151,"column":3}}]},"12":{"loc":{"start":{"line":155,"column":2},"end":{"line":161,"column":3}},"type":"if","locations":[{"start":{"line":155,"column":2},"end":{"line":161,"column":3}}]},"13":{"loc":{"start":{"line":164,"column":2},"end":{"line":170,"column":3}},"type":"if","locations":[{"start":{"line":164,"column":2},"end":{"line":170,"column":3}}]},"14":{"loc":{"start":{"line":186,"column":2},"end":{"line":188,"column":3}},"type":"if","locations":[{"start":{"line":186,"column":2},"end":{"line":188,"column":3}}]},"15":{"loc":{"start":{"line":196,"column":21},"end":{"line":196,"column":84}},"type":"cond-expr","locations":[{"start":{"line":196,"column":41},"end":{"line":196,"column":62}},{"start":{"line":196,"column":65},"end":{"line":196,"column":84}}]},"16":{"loc":{"start":{"line":209,"column":2},"end":{"line":211,"column":3}},"type":"if","locations":[{"start":{"line":209,"column":2},"end":{"line":211,"column":3}}]},"17":{"loc":{"start":{"line":217,"column":6},"end":{"line":219,"column":46}},"type":"cond-expr","locations":[{"start":{"line":218,"column":10},"end":{"line":218,"column":47}},{"start":{"line":219,"column":10},"end":{"line":219,"column":46}}]},"18":{"loc":{"start":{"line":240,"column":2},"end":{"line":242,"column":3}},"type":"if","locations":[{"start":{"line":240,"column":2},"end":{"line":242,"column":3}}]},"19":{"loc":{"start":{"line":252,"column":6},"end":{"line":254,"column":46}},"type":"cond-expr","locations":[{"start":{"line":253,"column":10},"end":{"line":253,"column":47}},{"start":{"line":254,"column":10},"end":{"line":254,"column":46}}]},"20":{"loc":{"start":{"line":274,"column":2},"end":{"line":276,"column":3}},"type":"if","locations":[{"start":{"line":274,"column":2},"end":{"line":276,"column":3}}]},"21":{"loc":{"start":{"line":274,"column":6},"end":{"line":274,"column":55}},"type":"binary-expr","locations":[{"start":{"line":274,"column":6},"end":{"line":274,"column":25}},{"start":{"line":274,"column":29},"end":{"line":274,"column":55}}]},"22":{"loc":{"start":{"line":280,"column":2},"end":{"line":283,"column":3}},"type":"if","locations":[{"start":{"line":280,"column":2},"end":{"line":283,"column":3}}]},"23":{"loc":{"start":{"line":285,"column":2},"end":{"line":288,"column":3}},"type":"if","locations":[{"start":{"line":285,"column":2},"end":{"line":288,"column":3}}]},"24":{"loc":{"start":{"line":300,"column":2},"end":{"line":302,"column":3}},"type":"if","locations":[{"start":{"line":300,"column":2},"end":{"line":302,"column":3}}]},"25":{"loc":{"start":{"line":305,"column":9},"end":{"line":305,"column":113}},"type":"binary-expr","locations":[{"start":{"line":305,"column":9},"end":{"line":305,"column":59}},{"start":{"line":305,"column":63},"end":{"line":305,"column":113}}]},"26":{"loc":{"start":{"line":319,"column":2},"end":{"line":321,"column":3}},"type":"if","locations":[{"start":{"line":319,"column":2},"end":{"line":321,"column":3}}]},"27":{"loc":{"start":{"line":325,"column":2},"end":{"line":330,"column":3}},"type":"if","locations":[{"start":{"line":325,"column":2},"end":{"line":330,"column":3}}]},"28":{"loc":{"start":{"line":327,"column":4},"end":{"line":329,"column":5}},"type":"if","locations":[{"start":{"line":327,"column":4},"end":{"line":329,"column":5}}]},"29":{"loc":{"start":{"line":327,"column":8},"end":{"line":327,"column":47}},"type":"binary-expr","locations":[{"start":{"line":327,"column":8},"end":{"line":327,"column":22}},{"start":{"line":327,"column":26},"end":{"line":327,"column":47}}]},"30":{"loc":{"start":{"line":334,"column":2},"end":{"line":339,"column":3}},"type":"if","locations":[{"start":{"line":334,"column":2},"end":{"line":339,"column":3}}]},"31":{"loc":{"start":{"line":336,"column":4},"end":{"line":338,"column":5}},"type":"if","locations":[{"start":{"line":336,"column":4},"end":{"line":338,"column":5}}]},"32":{"loc":{"start":{"line":336,"column":8},"end":{"line":336,"column":47}},"type":"binary-expr","locations":[{"start":{"line":336,"column":8},"end":{"line":336,"column":22}},{"start":{"line":336,"column":26},"end":{"line":336,"column":47}}]},"33":{"loc":{"start":{"line":351,"column":2},"end":{"line":353,"column":3}},"type":"if","locations":[{"start":{"line":351,"column":2},"end":{"line":353,"column":3}}]},"34":{"loc":{"start":{"line":356,"column":9},"end":{"line":358,"column":64}},"type":"binary-expr","locations":[{"start":{"line":356,"column":9},"end":{"line":356,"column":50}},{"start":{"line":357,"column":10},"end":{"line":357,"column":63}},{"start":{"line":358,"column":10},"end":{"line":358,"column":63}}]}},"s":{"0":1,"1":1,"2":1,"3":1,"4":1,"5":1,"6":1,"7":1,"8":1,"9":1,"10":1,"11":1,"12":22,"13":2,"14":20,"15":20,"16":2,"17":18,"18":7,"19":7,"20":5,"21":5,"22":2,"23":11,"24":10,"25":1,"26":7,"27":0,"28":7,"29":7,"30":1,"31":6,"32":6,"33":0,"34":6,"35":1,"36":5,"37":10,"38":0,"39":10,"40":0,"41":10,"42":10,"43":1,"44":9,"45":1,"46":8,"47":10,"48":1,"49":9,"50":9,"51":9,"52":81,"53":9,"54":9,"55":9,"56":9,"57":12,"58":1,"59":11,"60":11,"61":11,"62":132,"63":132,"64":132,"65":11,"66":11,"67":11,"68":8,"69":1,"70":7,"71":7,"72":7,"73":7,"74":84,"75":84,"76":84,"77":7,"78":7,"79":2,"80":2,"81":1,"82":1,"83":1,"84":1,"85":0,"86":0,"87":0,"88":4,"89":1,"90":3,"91":3,"92":4,"93":1,"94":3,"95":3,"96":1,"97":1,"98":1,"99":2,"100":2,"101":1,"102":1,"103":1,"104":1,"105":5,"106":0,"107":5,"108":5},"f":{"0":22,"1":7,"2":10,"3":10,"4":12,"5":8,"6":2,"7":4,"8":4,"9":5},"b":{"0":[2],"1":[2],"2":[7],"3":[5],"4":[7,5],"5":[10],"6":[0],"7":[1],"8":[0],"9":[1],"10":[0],"11":[0],"12":[1],"13":[1],"14":[1],"15":[7,2],"16":[1],"17":[66,66],"18":[1],"19":[42,42],"20":[1],"21":[2,1],"22":[1],"23":[0],"24":[1],"25":[3,2],"26":[1],"27":[1],"28":[1],"29":[1,1],"30":[1],"31":[1],"32":[1,1],"33":[0],"34":[5,3,2]}}
}
