TN:
SF:src/constants/author.constants.ts
FNF:0
FNH:0
DA:11,1
DA:29,1
DA:36,1
LF:3
LH:3
BRF:0
BRH:0
end_of_record
TN:
SF:src/constants/book.constants.ts
FNF:0
FNH:0
DA:11,1
DA:27,1
DA:37,1
DA:47,1
LF:4
LH:4
BRF:0
BRH:0
end_of_record
TN:
SF:src/constants/category.constants.ts
FNF:0
FNH:0
DA:11,1
DA:21,1
LF:2
LH:2
BRF:0
BRH:0
end_of_record
TN:
SF:src/constants/isbn.constants.ts
FNF:0
FNH:0
DA:11,5
DA:34,5
DA:66,5
DA:85,5
DA:104,5
LF:5
LH:5
BRF:0
BRH:0
end_of_record
TN:
SF:src/errors/i18n-keys.ts
FN:54,getI18nKey
FNF:1
FNH:1
FNDA:18,getI18nKey
DA:12,3
DA:54,3
DA:55,18
DA:56,0
DA:59,18
LF:5
LH:4
BRDA:55,0,0,0
BRDA:59,1,0,18
BRDA:59,1,1,0
BRF:3
BRH:1
end_of_record
TN:
SF:src/utils/string.utils.ts
FN:21,normalizeIsbn
FN:35,removeWhitespace
FN:49,normalizeUppercase
FN:63,trim
FN:77,isEmpty
FN:87,isNumeric
FN:101,toString
FN:117,truncate
FNF:8
FNH:8
FNDA:34,normalizeIsbn
FNDA:8,removeWhitespace
FNDA:7,normalizeUppercase
FNDA:56,trim
FNDA:92,isEmpty
FNDA:11,isNumeric
FNDA:8,toString
FNDA:11,truncate
DA:8,5
DA:21,5
DA:22,34
DA:23,3
DA:26,31
DA:35,5
DA:36,8
DA:37,4
DA:40,4
DA:49,5
DA:50,7
DA:51,4
DA:54,3
DA:63,5
DA:64,56
DA:65,4
DA:68,52
DA:77,5
DA:78,92
DA:87,5
DA:88,11
DA:89,4
DA:92,7
DA:101,5
DA:102,8
DA:103,2
DA:106,6
DA:117,5
DA:118,11
DA:119,7
DA:122,4
LF:31
LH:31
BRDA:22,0,0,3
BRDA:22,1,0,34
BRDA:22,1,1,31
BRDA:36,2,0,4
BRDA:36,3,0,8
BRDA:36,3,1,5
BRDA:50,4,0,4
BRDA:50,5,0,7
BRDA:50,5,1,4
BRDA:64,6,0,4
BRDA:64,7,0,56
BRDA:64,7,1,53
BRDA:78,8,0,92
BRDA:78,8,1,79
BRDA:88,9,0,4
BRDA:88,10,0,11
BRDA:88,10,1,8
BRDA:102,11,0,2
BRDA:102,12,0,8
BRDA:102,12,1,7
BRDA:117,13,0,9
BRDA:118,14,0,7
BRDA:118,15,0,11
BRDA:118,15,1,8
BRF:24
BRH:24
end_of_record
TN:
SF:src/validators/author.validator.ts
FN:20,validateAuthorName
FN:65,validateAuthorSurname
FN:110,validateNationality
FN:132,isValidName
FNF:4
FNH:4
FNDA:10,validateAuthorName
FNDA:8,validateAuthorSurname
FNDA:7,validateNationality
FNDA:8,isValidName
DA:8,1
DA:14,1
DA:15,1
DA:20,1
DA:21,10
DA:22,1
DA:30,9
DA:32,9
DA:33,0
DA:41,9
DA:42,1
DA:50,8
DA:51,2
DA:59,6
DA:65,1
DA:66,8
DA:67,1
DA:75,7
DA:77,7
DA:78,0
DA:86,7
DA:87,1
DA:95,6
DA:96,1
DA:104,5
DA:110,1
DA:111,7
DA:112,3
DA:115,4
DA:117,4
DA:118,1
DA:126,3
DA:132,1
DA:133,8
DA:134,1
DA:137,7
DA:139,7
LF:37
LH:35
BRDA:21,0,0,1
BRDA:32,1,0,0
BRDA:41,2,0,1
BRDA:50,3,0,2
BRDA:66,4,0,1
BRDA:77,5,0,0
BRDA:86,6,0,1
BRDA:95,7,0,1
BRDA:111,8,0,3
BRDA:111,9,0,7
BRDA:111,9,1,6
BRDA:111,9,2,5
BRDA:117,10,0,1
BRDA:133,11,0,1
BRDA:140,12,0,7
BRDA:140,12,1,7
BRDA:140,12,2,6
BRF:17
BRH:15
end_of_record
TN:
SF:src/validators/book.validator.ts
FN:22,validateTitle
FN:61,validateNotes
FN:82,validateStatus
FN:99,validateEditionNumber
FN:120,validateEditionDate
FN:144,isValidBookStatus
FNF:6
FNH:6
FNDA:6,validateTitle
FNDA:6,validateNotes
FNDA:5,validateStatus
FNDA:8,validateEditionNumber
FNDA:7,validateEditionDate
FNDA:7,isValidBookStatus
DA:8,1
DA:16,1
DA:17,1
DA:22,1
DA:23,6
DA:24,1
DA:25,1
DA:33,5
DA:35,5
DA:36,0
DA:37,0
DA:45,5
DA:46,1
DA:47,1
DA:55,4
DA:61,1
DA:62,6
DA:63,3
DA:66,3
DA:67,1
DA:68,1
DA:76,2
DA:82,1
DA:83,5
DA:84,1
DA:85,1
DA:93,4
DA:99,1
DA:100,8
DA:101,2
DA:104,6
DA:105,3
DA:106,3
DA:114,3
DA:120,1
DA:121,7
DA:122,3
DA:126,4
DA:128,4
DA:129,1
DA:130,1
DA:138,3
DA:144,1
DA:145,7
LF:44
LH:42
BRDA:23,0,0,1
BRDA:35,1,0,0
BRDA:45,2,0,1
BRDA:62,3,0,3
BRDA:62,4,0,6
BRDA:62,4,1,5
BRDA:62,4,2,4
BRDA:66,5,0,1
BRDA:83,6,0,1
BRDA:100,7,0,2
BRDA:100,8,0,8
BRDA:100,8,1,7
BRDA:104,9,0,3
BRDA:104,10,0,6
BRDA:104,10,1,5
BRDA:121,11,0,3
BRDA:121,12,0,7
BRDA:121,12,1,6
BRDA:121,12,2,5
BRDA:126,13,0,3
BRDA:126,13,1,1
BRDA:128,14,0,1
BRF:22
BRH:21
end_of_record
TN:
SF:src/validators/category.validator.ts
FN:19,validateCategoryName
FN:55,isValidCategoryName
FNF:2
FNH:2
FNDA:11,validateCategoryName
FNDA:6,isValidCategoryName
DA:8,1
DA:13,1
DA:14,1
DA:19,1
DA:20,11
DA:21,1
DA:29,10
DA:31,10
DA:32,0
DA:40,10
DA:41,1
DA:49,9
DA:55,1
DA:56,6
DA:57,1
DA:60,5
DA:62,5
LF:17
LH:16
BRDA:20,0,0,1
BRDA:31,1,0,0
BRDA:40,2,0,1
BRDA:56,3,0,1
BRDA:63,4,0,5
BRDA:63,4,1,5
BRF:6
BRH:5
end_of_record
TN:
SF:src/validators/isbn.validator.ts
FN:33,validateIsbn
FN:84,validateIsbn10
FN:135,validateIsbn13
FN:185,validateIsbn10Checksum
FN:208,validateIsbn13Checksum
FN:239,convertIsbn10ToIsbn13
FN:272,formatIsbnForDisplay
FN:299,isLikelyIsbn
FN:318,extractIsbn
FN:350,isValidIsbnFormat
FNF:10
FNH:10
FNDA:22,validateIsbn
FNDA:7,validateIsbn10
FNDA:10,validateIsbn13
FNDA:10,validateIsbn10Checksum
FNDA:12,validateIsbn13Checksum
FNDA:8,convertIsbn10ToIsbn13
FNDA:2,formatIsbnForDisplay
FNDA:4,isLikelyIsbn
FNDA:4,extractIsbn
FNDA:5,isValidIsbnFormat
DA:8,1
DA:15,1
DA:33,1
DA:34,22
DA:35,2
DA:42,20
DA:44,20
DA:45,2
DA:53,18
DA:54,7
DA:55,7
DA:57,5
DA:58,5
DA:64,2
DA:67,11
DA:68,10
DA:71,1
DA:84,1
DA:85,7
DA:86,0
DA:94,7
DA:95,7
DA:96,1
DA:104,6
DA:105,6
DA:106,0
DA:114,6
DA:115,1
DA:122,5
DA:135,1
DA:136,10
DA:137,0
DA:145,10
DA:146,0
DA:154,10
DA:155,10
DA:156,1
DA:164,9
DA:165,1
DA:172,8
DA:185,1
DA:186,10
DA:187,1
DA:190,9
DA:191,9
DA:192,81
DA:195,9
DA:196,9
DA:197,9
DA:199,9
DA:208,1
DA:209,12
DA:210,1
DA:213,11
DA:214,11
DA:215,132
DA:217,132
DA:220,132
DA:223,11
DA:224,11
DA:226,11
DA:239,1
DA:240,8
DA:241,1
DA:245,7
DA:248,7
DA:249,7
DA:250,84
DA:252,84
DA:255,84
DA:258,7
DA:259,7
DA:272,1
DA:273,2
DA:274,2
DA:275,1
DA:278,1
DA:280,1
DA:282,1
DA:285,0
DA:287,0
DA:290,0
DA:299,1
DA:300,4
DA:301,1
DA:304,3
DA:305,3
DA:318,1
DA:319,4
DA:320,1
DA:324,3
DA:325,3
DA:326,1
DA:327,1
DA:328,1
DA:333,2
DA:334,2
DA:335,1
DA:336,1
DA:337,1
DA:341,1
DA:350,1
DA:351,5
DA:352,0
DA:355,5
DA:356,5
LF:106
LH:98
BRDA:34,0,0,2
BRDA:44,1,0,2
BRDA:53,2,0,7
BRDA:55,3,0,5
BRDA:55,4,0,7
BRDA:55,4,1,5
BRDA:67,5,0,10
BRDA:85,6,0,0
BRDA:95,7,0,1
BRDA:105,8,0,0
BRDA:114,9,0,1
BRDA:136,10,0,0
BRDA:145,11,0,0
BRDA:155,12,0,1
BRDA:164,13,0,1
BRDA:186,14,0,1
BRDA:196,15,0,7
BRDA:196,15,1,2
BRDA:209,16,0,1
BRDA:217,17,0,66
BRDA:217,17,1,66
BRDA:240,18,0,1
BRDA:252,19,0,42
BRDA:252,19,1,42
BRDA:274,20,0,1
BRDA:274,21,0,2
BRDA:274,21,1,1
BRDA:280,22,0,1
BRDA:285,23,0,0
BRDA:300,24,0,1
BRDA:305,25,0,3
BRDA:305,25,1,2
BRDA:319,26,0,1
BRDA:325,27,0,1
BRDA:327,28,0,1
BRDA:327,29,0,1
BRDA:327,29,1,1
BRDA:334,30,0,1
BRDA:336,31,0,1
BRDA:336,32,0,1
BRDA:336,32,1,1
BRDA:351,33,0,0
BRDA:356,34,0,5
BRDA:356,34,1,3
BRDA:356,34,2,2
BRF:45
BRH:39
end_of_record
